#! /usr/bin/vvp
:ivl_version "0.9.7 " "(v0_9_7)";
:vpi_time_precision + 0;
:vpi_module "system";
:vpi_module "v2005_math";
:vpi_module "va_math";
S_0x2018740 .scope module, "TestMod" "TestMod" 2 4;
 .timescale 0 0;
RS_0x7f4b48970018 .resolv tri, L_0x20378b0, L_0x2038400, L_0x2039010, L_0x2039920;
v0x20376d0_0 .net8 "C", 3 0, RS_0x7f4b48970018; 4 drivers
v0x2037780_0 .var "CLK", 0 0;
v0x2037830_0 .net "Q", 0 15, v0x2037620_0; 1 drivers
S_0x20374b0 .scope module, "my_ripple" "RippleMod" 2 16, 2 40, S_0x2018740;
 .timescale 0 0;
v0x20375a0_0 .net "CLK", 0 0, v0x2037780_0; 1 drivers
v0x2037620_0 .var "Q", 0 15;
E_0x2035bd0 .event posedge, v0x20375a0_0;
S_0x2018830 .scope module, "my_coder" "CoderMod" 2 17, 2 28, S_0x2018740;
 .timescale 0 0;
L_0x2036030/0/0 .functor OR 1, L_0x2037b30, L_0x2037c20, L_0x2037da0, L_0x2037e40;
L_0x2036030/0/4 .functor OR 1, L_0x2037f30, L_0x2038020, L_0x2038220, L_0x2038310;
L_0x2036030 .functor OR 1, L_0x2036030/0/0, L_0x2036030/0/4, C4<0>, C4<0>;
L_0x2038500/0/0 .functor OR 1, L_0x20385b0, L_0x20386a0, L_0x2038790, L_0x2038880;
L_0x2038500/0/4 .functor OR 1, L_0x20389f0, L_0x2038ae0, L_0x2038de0, L_0x2038e80;
L_0x2038500 .functor OR 1, L_0x2038500/0/0, L_0x2038500/0/4, C4<0>, C4<0>;
L_0x20384a0/0/0 .functor OR 1, L_0x2039100, L_0x2038f70, L_0x20392f0, L_0x20391f0;
L_0x20384a0/0/4 .functor OR 1, L_0x20394f0, L_0x20393e0, L_0x2039700, L_0x20395e0;
L_0x20384a0 .functor OR 1, L_0x20384a0/0/0, L_0x20384a0/0/4, C4<0>, C4<0>;
L_0x20397f0/0/0 .functor OR 1, L_0x2039b00, L_0x2039bf0, L_0x20399c0, L_0x2039de0;
L_0x20397f0/0/4 .functor OR 1, L_0x2039ce0, L_0x2039fe0, L_0x2037a70, L_0x2036540;
L_0x20397f0 .functor OR 1, L_0x20397f0/0/0, L_0x20397f0/0/4, C4<0>, C4<0>;
v0x2018920_0 .alias "C", 3 0, v0x20376d0_0;
v0x2035a10_0 .alias "Q", 0 15, v0x2037830_0;
v0x2035ab0_0 .net *"_s1", 0 0, L_0x2036030; 1 drivers
v0x2035b50_0 .net *"_s10", 0 0, L_0x2037e40; 1 drivers
v0x2035c00_0 .net *"_s12", 0 0, L_0x2037f30; 1 drivers
v0x2035ca0_0 .net *"_s14", 0 0, L_0x2038020; 1 drivers
v0x2035d80_0 .net *"_s16", 0 0, L_0x2038220; 1 drivers
v0x2035e20_0 .net *"_s18", 0 0, L_0x2038310; 1 drivers
v0x2035f10_0 .net *"_s20", 0 0, L_0x2038500; 1 drivers
v0x2035fb0_0 .net *"_s23", 0 0, L_0x20385b0; 1 drivers
v0x20360b0_0 .net *"_s25", 0 0, L_0x20386a0; 1 drivers
v0x2036150_0 .net *"_s27", 0 0, L_0x2038790; 1 drivers
v0x2036260_0 .net *"_s29", 0 0, L_0x2038880; 1 drivers
v0x2036300_0 .net *"_s31", 0 0, L_0x20389f0; 1 drivers
v0x2036420_0 .net *"_s33", 0 0, L_0x2038ae0; 1 drivers
v0x20364c0_0 .net *"_s35", 0 0, L_0x2038de0; 1 drivers
v0x2036380_0 .net *"_s37", 0 0, L_0x2038e80; 1 drivers
v0x2036610_0 .net *"_s39", 0 0, L_0x20384a0; 1 drivers
v0x2036730_0 .net *"_s4", 0 0, L_0x2037b30; 1 drivers
v0x20367b0_0 .net *"_s42", 0 0, L_0x2039100; 1 drivers
v0x2036690_0 .net *"_s44", 0 0, L_0x2038f70; 1 drivers
v0x20368e0_0 .net *"_s46", 0 0, L_0x20392f0; 1 drivers
v0x2036830_0 .net *"_s48", 0 0, L_0x20391f0; 1 drivers
v0x2036a20_0 .net *"_s50", 0 0, L_0x20394f0; 1 drivers
v0x2036980_0 .net *"_s52", 0 0, L_0x20393e0; 1 drivers
v0x2036b70_0 .net *"_s54", 0 0, L_0x2039700; 1 drivers
v0x2036ac0_0 .net *"_s56", 0 0, L_0x20395e0; 1 drivers
v0x2036cd0_0 .net *"_s58", 0 0, L_0x20397f0; 1 drivers
v0x2036c10_0 .net *"_s6", 0 0, L_0x2037c20; 1 drivers
v0x2036e40_0 .net *"_s61", 0 0, L_0x2039b00; 1 drivers
v0x2036d50_0 .net *"_s63", 0 0, L_0x2039bf0; 1 drivers
v0x2036fc0_0 .net *"_s65", 0 0, L_0x20399c0; 1 drivers
v0x2036ec0_0 .net *"_s67", 0 0, L_0x2039de0; 1 drivers
v0x2037150_0 .net *"_s69", 0 0, L_0x2039ce0; 1 drivers
v0x2037040_0 .net *"_s71", 0 0, L_0x2039fe0; 1 drivers
v0x20372f0_0 .net *"_s73", 0 0, L_0x2037a70; 1 drivers
v0x20371d0_0 .net *"_s75", 0 0, L_0x2036540; 1 drivers
v0x2037270_0 .net *"_s8", 0 0, L_0x2037da0; 1 drivers
L_0x20378b0 .part/pv L_0x2036030, 0, 1, 4;
L_0x2037b30 .part v0x2037620_0, 14, 1;
L_0x2037c20 .part v0x2037620_0, 12, 1;
L_0x2037da0 .part v0x2037620_0, 10, 1;
L_0x2037e40 .part v0x2037620_0, 8, 1;
L_0x2037f30 .part v0x2037620_0, 6, 1;
L_0x2038020 .part v0x2037620_0, 4, 1;
L_0x2038220 .part v0x2037620_0, 2, 1;
L_0x2038310 .part v0x2037620_0, 0, 1;
L_0x2038400 .part/pv L_0x2038500, 1, 1, 4;
L_0x20385b0 .part v0x2037620_0, 13, 1;
L_0x20386a0 .part v0x2037620_0, 12, 1;
L_0x2038790 .part v0x2037620_0, 9, 1;
L_0x2038880 .part v0x2037620_0, 8, 1;
L_0x20389f0 .part v0x2037620_0, 5, 1;
L_0x2038ae0 .part v0x2037620_0, 4, 1;
L_0x2038de0 .part v0x2037620_0, 1, 1;
L_0x2038e80 .part v0x2037620_0, 0, 1;
L_0x2039010 .part/pv L_0x20384a0, 2, 1, 4;
L_0x2039100 .part v0x2037620_0, 11, 1;
L_0x2038f70 .part v0x2037620_0, 10, 1;
L_0x20392f0 .part v0x2037620_0, 9, 1;
L_0x20391f0 .part v0x2037620_0, 8, 1;
L_0x20394f0 .part v0x2037620_0, 3, 1;
L_0x20393e0 .part v0x2037620_0, 2, 1;
L_0x2039700 .part v0x2037620_0, 1, 1;
L_0x20395e0 .part v0x2037620_0, 0, 1;
L_0x2039920 .part/pv L_0x20397f0, 3, 1, 4;
L_0x2039b00 .part v0x2037620_0, 7, 1;
L_0x2039bf0 .part v0x2037620_0, 6, 1;
L_0x20399c0 .part v0x2037620_0, 5, 1;
L_0x2039de0 .part v0x2037620_0, 4, 1;
L_0x2039ce0 .part v0x2037620_0, 3, 1;
L_0x2039fe0 .part v0x2037620_0, 2, 1;
L_0x2037a70 .part v0x2037620_0, 1, 1;
L_0x2036540 .part v0x2037620_0, 0, 1;
    .scope S_0x20374b0;
T_0 ;
    %movi 8, 32768, 16;
    %set/v v0x2037620_0, 8, 16;
    %end;
    .thread T_0;
    .scope S_0x20374b0;
T_1 ;
    %wait E_0x2035bd0;
    %load/v 8, v0x2037620_0, 1; Only need 1 of 16 bits
; Save base=8 wid=1 in lookaside.
    %ix/load 0, 1, 0;
    %ix/load 1, 15, 0;
    %assign/v0/x1 v0x2037620_0, 0, 8;
    %ix/load 1, 15, 0;
    %mov 4, 0, 1;
    %jmp/1 T_1.0, 4;
    %load/x1p 8, v0x2037620_0, 1;
    %jmp T_1.1;
T_1.0 ;
    %mov 8, 2, 1;
T_1.1 ;
; Save base=8 wid=1 in lookaside.
    %ix/load 0, 1, 0;
    %ix/load 1, 14, 0;
    %assign/v0/x1 v0x2037620_0, 0, 8;
    %ix/load 1, 14, 0;
    %mov 4, 0, 1;
    %jmp/1 T_1.2, 4;
    %load/x1p 8, v0x2037620_0, 1;
    %jmp T_1.3;
T_1.2 ;
    %mov 8, 2, 1;
T_1.3 ;
; Save base=8 wid=1 in lookaside.
    %ix/load 0, 1, 0;
    %ix/load 1, 13, 0;
    %assign/v0/x1 v0x2037620_0, 0, 8;
    %ix/load 1, 13, 0;
    %mov 4, 0, 1;
    %jmp/1 T_1.4, 4;
    %load/x1p 8, v0x2037620_0, 1;
    %jmp T_1.5;
T_1.4 ;
    %mov 8, 2, 1;
T_1.5 ;
; Save base=8 wid=1 in lookaside.
    %ix/load 0, 1, 0;
    %ix/load 1, 12, 0;
    %assign/v0/x1 v0x2037620_0, 0, 8;
    %ix/load 1, 12, 0;
    %mov 4, 0, 1;
    %jmp/1 T_1.6, 4;
    %load/x1p 8, v0x2037620_0, 1;
    %jmp T_1.7;
T_1.6 ;
    %mov 8, 2, 1;
T_1.7 ;
; Save base=8 wid=1 in lookaside.
    %ix/load 0, 1, 0;
    %ix/load 1, 11, 0;
    %assign/v0/x1 v0x2037620_0, 0, 8;
    %ix/load 1, 11, 0;
    %mov 4, 0, 1;
    %jmp/1 T_1.8, 4;
    %load/x1p 8, v0x2037620_0, 1;
    %jmp T_1.9;
T_1.8 ;
    %mov 8, 2, 1;
T_1.9 ;
; Save base=8 wid=1 in lookaside.
    %ix/load 0, 1, 0;
    %ix/load 1, 10, 0;
    %assign/v0/x1 v0x2037620_0, 0, 8;
    %ix/load 1, 10, 0;
    %mov 4, 0, 1;
    %jmp/1 T_1.10, 4;
    %load/x1p 8, v0x2037620_0, 1;
    %jmp T_1.11;
T_1.10 ;
    %mov 8, 2, 1;
T_1.11 ;
; Save base=8 wid=1 in lookaside.
    %ix/load 0, 1, 0;
    %ix/load 1, 9, 0;
    %assign/v0/x1 v0x2037620_0, 0, 8;
    %ix/load 1, 9, 0;
    %mov 4, 0, 1;
    %jmp/1 T_1.12, 4;
    %load/x1p 8, v0x2037620_0, 1;
    %jmp T_1.13;
T_1.12 ;
    %mov 8, 2, 1;
T_1.13 ;
; Save base=8 wid=1 in lookaside.
    %ix/load 0, 1, 0;
    %ix/load 1, 8, 0;
    %assign/v0/x1 v0x2037620_0, 0, 8;
    %ix/load 1, 8, 0;
    %mov 4, 0, 1;
    %jmp/1 T_1.14, 4;
    %load/x1p 8, v0x2037620_0, 1;
    %jmp T_1.15;
T_1.14 ;
    %mov 8, 2, 1;
T_1.15 ;
; Save base=8 wid=1 in lookaside.
    %ix/load 0, 1, 0;
    %ix/load 1, 7, 0;
    %assign/v0/x1 v0x2037620_0, 0, 8;
    %ix/load 1, 7, 0;
    %mov 4, 0, 1;
    %jmp/1 T_1.16, 4;
    %load/x1p 8, v0x2037620_0, 1;
    %jmp T_1.17;
T_1.16 ;
    %mov 8, 2, 1;
T_1.17 ;
; Save base=8 wid=1 in lookaside.
    %ix/load 0, 1, 0;
    %ix/load 1, 6, 0;
    %assign/v0/x1 v0x2037620_0, 0, 8;
    %ix/load 1, 6, 0;
    %mov 4, 0, 1;
    %jmp/1 T_1.18, 4;
    %load/x1p 8, v0x2037620_0, 1;
    %jmp T_1.19;
T_1.18 ;
    %mov 8, 2, 1;
T_1.19 ;
; Save base=8 wid=1 in lookaside.
    %ix/load 0, 1, 0;
    %ix/load 1, 5, 0;
    %assign/v0/x1 v0x2037620_0, 0, 8;
    %ix/load 1, 5, 0;
    %mov 4, 0, 1;
    %jmp/1 T_1.20, 4;
    %load/x1p 8, v0x2037620_0, 1;
    %jmp T_1.21;
T_1.20 ;
    %mov 8, 2, 1;
T_1.21 ;
; Save base=8 wid=1 in lookaside.
    %ix/load 0, 1, 0;
    %ix/load 1, 4, 0;
    %assign/v0/x1 v0x2037620_0, 0, 8;
    %ix/load 1, 4, 0;
    %mov 4, 0, 1;
    %jmp/1 T_1.22, 4;
    %load/x1p 8, v0x2037620_0, 1;
    %jmp T_1.23;
T_1.22 ;
    %mov 8, 2, 1;
T_1.23 ;
; Save base=8 wid=1 in lookaside.
    %ix/load 0, 1, 0;
    %ix/load 1, 3, 0;
    %assign/v0/x1 v0x2037620_0, 0, 8;
    %ix/load 1, 3, 0;
    %mov 4, 0, 1;
    %jmp/1 T_1.24, 4;
    %load/x1p 8, v0x2037620_0, 1;
    %jmp T_1.25;
T_1.24 ;
    %mov 8, 2, 1;
T_1.25 ;
; Save base=8 wid=1 in lookaside.
    %ix/load 0, 1, 0;
    %ix/load 1, 2, 0;
    %assign/v0/x1 v0x2037620_0, 0, 8;
    %ix/load 1, 2, 0;
    %mov 4, 0, 1;
    %jmp/1 T_1.26, 4;
    %load/x1p 8, v0x2037620_0, 1;
    %jmp T_1.27;
T_1.26 ;
    %mov 8, 2, 1;
T_1.27 ;
; Save base=8 wid=1 in lookaside.
    %ix/load 0, 1, 0;
    %ix/load 1, 1, 0;
    %assign/v0/x1 v0x2037620_0, 0, 8;
    %ix/load 1, 1, 0;
    %mov 4, 0, 1;
    %jmp/1 T_1.28, 4;
    %load/x1p 8, v0x2037620_0, 1;
    %jmp T_1.29;
T_1.28 ;
    %mov 8, 2, 1;
T_1.29 ;
; Save base=8 wid=1 in lookaside.
    %ix/load 0, 1, 0;
    %ix/load 1, 0, 0;
    %assign/v0/x1 v0x2037620_0, 0, 8;
    %jmp T_1;
    .thread T_1;
    .scope S_0x2018740;
T_2 ;
    %set/v v0x2037780_0, 0, 1;
    %delay 1, 0;
    %set/v v0x2037780_0, 1, 1;
    %delay 1, 0;
    %jmp T_2;
    .thread T_2;
    .scope S_0x2018740;
T_3 ;
    %delay 36, 0;
    %vpi_call 2 19 "$finish";
    %end;
    .thread T_3;
    .scope S_0x2018740;
T_4 ;
    %vpi_call 2 22 "$display", "Time\011CLK\011 Q\011\011\011\011\011C\011\011 C";
    %vpi_call 2 23 "$monitor", "%4d\011%3d\011 %b\011%b\011%2d", $time, v0x2037780_0, v0x2037830_0, v0x20376d0_0, v0x20376d0_0;
    %end;
    .thread T_4;
# The file index is used to find the file name in the following table.
:file_names 3;
    "N/A";
    "<interactive>";
    "count16.v";
