#! /usr/bin/vvp
:ivl_version "0.9.7 " "(v0_9_7)";
:vpi_time_precision + 0;
:vpi_module "system";
:vpi_module "v2005_math";
:vpi_module "va_math";
S_0x23436e0 .scope module, "m4x1array_TestModule" "m4x1array_TestModule" 2 49;
 .timescale 0 0;
v0x23b1bd0_0 .var "d", 0 3;
v0x23b1c50_0 .net "o", 0 0, L_0x23b4790; 1 drivers
v0x23b1cd0_0 .var "s", 0 1;
S_0x2331690 .scope module, "mux_4x1" "MUX4x1" 2 55, 2 16, S_0x23436e0;
 .timescale 0 0;
L_0x23b2580 .functor AND 1, L_0x23b2660, L_0x23b27a0, C4<1>, C4<1>;
L_0x23b29c0 .functor AND 1, L_0x23b2a70, L_0x23b2b60, C4<1>, C4<1>;
L_0x23b2e10 .functor AND 1, L_0x23b2e70, L_0x23b2fc0, C4<1>, C4<1>;
L_0x23b2f60 .functor AND 1, L_0x23b3150, L_0x23b3240, C4<1>, C4<1>;
L_0x23b3450 .functor AND 1, L_0x23b3500, L_0x23b3710, C4<1>, C4<1>;
L_0x23b2d80 .functor AND 1, L_0x23b3a00, L_0x23b3af0, C4<1>, C4<1>;
L_0x23b3c90 .functor AND 1, L_0x23b3d40, L_0x23b3be0, C4<1>, C4<1>;
L_0x23b3e30 .functor AND 1, L_0x23b4100, L_0x23b41f0, C4<1>, C4<1>;
L_0x23b43c0 .functor OR 1, L_0x23b4470, L_0x23b42e0, C4<0>, C4<0>;
L_0x23b4560 .functor OR 1, L_0x23b48f0, L_0x23b4990, C4<0>, C4<0>;
L_0x23b4790 .functor OR 1, L_0x23b4c90, L_0x23b4d30, C4<0>, C4<0>;
v0x23afff0_0 .net *"_s10", 0 0, L_0x23b27a0; 1 drivers
v0x23b00b0_0 .net *"_s12", 0 0, L_0x23b29c0; 1 drivers
v0x23b0150_0 .net *"_s15", 0 0, L_0x23b2a70; 1 drivers
v0x23b01f0_0 .net *"_s17", 0 0, L_0x23b2b60; 1 drivers
v0x23b02a0_0 .net *"_s19", 0 0, L_0x23b2e10; 1 drivers
v0x23b0340_0 .net *"_s22", 0 0, L_0x23b2e70; 1 drivers
v0x23b0420_0 .net *"_s24", 0 0, L_0x23b2fc0; 1 drivers
v0x23b04c0_0 .net *"_s26", 0 0, L_0x23b2f60; 1 drivers
v0x23b05b0_0 .net *"_s29", 0 0, L_0x23b3150; 1 drivers
v0x23b0650_0 .net *"_s31", 0 0, L_0x23b3240; 1 drivers
v0x23b0750_0 .net *"_s33", 0 0, L_0x23b3450; 1 drivers
v0x23b07f0_0 .net *"_s36", 0 0, L_0x23b3500; 1 drivers
v0x23b0900_0 .net *"_s38", 0 0, L_0x23b3710; 1 drivers
v0x23b09a0_0 .net *"_s40", 0 0, L_0x23b2d80; 1 drivers
v0x23b0ac0_0 .net *"_s43", 0 0, L_0x23b3a00; 1 drivers
v0x23b0b60_0 .net *"_s45", 0 0, L_0x23b3af0; 1 drivers
v0x23b0a20_0 .net *"_s47", 0 0, L_0x23b3c90; 1 drivers
v0x23b0cb0_0 .net *"_s5", 0 0, L_0x23b2580; 1 drivers
v0x23b0dd0_0 .net *"_s50", 0 0, L_0x23b3d40; 1 drivers
v0x23b0e50_0 .net *"_s52", 0 0, L_0x23b3be0; 1 drivers
v0x23b0d30_0 .net *"_s54", 0 0, L_0x23b3e30; 1 drivers
v0x23b0f80_0 .net *"_s57", 0 0, L_0x23b4100; 1 drivers
v0x23b0ed0_0 .net *"_s59", 0 0, L_0x23b41f0; 1 drivers
v0x23b10c0_0 .net *"_s61", 0 0, L_0x23b43c0; 1 drivers
v0x23b1020_0 .net *"_s64", 0 0, L_0x23b4470; 1 drivers
v0x23b1210_0 .net *"_s66", 0 0, L_0x23b42e0; 1 drivers
v0x23b1160_0 .net *"_s68", 0 0, L_0x23b4560; 1 drivers
v0x23b1370_0 .net *"_s71", 0 0, L_0x23b48f0; 1 drivers
v0x23b12b0_0 .net *"_s73", 0 0, L_0x23b4990; 1 drivers
v0x23b14e0_0 .net *"_s76", 0 0, L_0x23b4c90; 1 drivers
v0x23b13f0_0 .net *"_s78", 0 0, L_0x23b4d30; 1 drivers
v0x23b1660_0 .net *"_s8", 0 0, L_0x23b2660; 1 drivers
RS_0x7f70452e0798/0/0 .resolv tri, L_0x23b24e0, L_0x23b2920, L_0x23b2ce0, L_0x23b3060;
RS_0x7f70452e0798/0/4 .resolv tri, L_0x23b33b0, L_0x23b37b0, L_0x23b3960, L_0x23b3f40;
RS_0x7f70452e0798 .resolv tri, RS_0x7f70452e0798/0/0, RS_0x7f70452e0798/0/4, C4<zzzzzzzz>, C4<zzzzzzzz>;
v0x23b1560_0 .net8 "and_out", 0 7, RS_0x7f70452e0798; 8 drivers
v0x23b17f0_0 .net "d", 0 3, v0x23b1bd0_0; 1 drivers
v0x23b16e0_0 .alias "o", 0 0, v0x23b1c50_0;
RS_0x7f70452e0828 .resolv tri, L_0x23b3fe0, L_0x23b46a0, C4<zz>, C4<zz>;
v0x23b1990_0 .net8 "or_out", 0 1, RS_0x7f70452e0828; 2 drivers
v0x23b1870_0 .net "s", 0 1, v0x23b1cd0_0; 1 drivers
RS_0x7f70452e0138 .resolv tri, L_0x23b1d50, L_0x23b1e40, C4<zz>, C4<zz>;
v0x23b1910_0 .net8 "s0", 0 1, RS_0x7f70452e0138; 2 drivers
RS_0x7f70452e0078 .resolv tri, L_0x23b2100, L_0x23b22a0, C4<zz>, C4<zz>;
v0x23b1b50_0 .net8 "s1", 0 1, RS_0x7f70452e0078; 2 drivers
L_0x23b2010 .part v0x23b1cd0_0, 1, 1;
L_0x23b2440 .part v0x23b1cd0_0, 0, 1;
L_0x23b24e0 .part/pv L_0x23b2580, 7, 1, 8;
L_0x23b2660 .part v0x23b1bd0_0, 3, 1;
L_0x23b27a0 .part RS_0x7f70452e0078, 1, 1;
L_0x23b2920 .part/pv L_0x23b29c0, 6, 1, 8;
L_0x23b2a70 .part RS_0x7f70452e0798, 7, 1;
L_0x23b2b60 .part RS_0x7f70452e0138, 1, 1;
L_0x23b2ce0 .part/pv L_0x23b2e10, 5, 1, 8;
L_0x23b2e70 .part v0x23b1bd0_0, 2, 1;
L_0x23b2fc0 .part RS_0x7f70452e0078, 1, 1;
L_0x23b3060 .part/pv L_0x23b2f60, 4, 1, 8;
L_0x23b3150 .part RS_0x7f70452e0798, 5, 1;
L_0x23b3240 .part RS_0x7f70452e0138, 0, 1;
L_0x23b33b0 .part/pv L_0x23b3450, 3, 1, 8;
L_0x23b3500 .part v0x23b1bd0_0, 1, 1;
L_0x23b3710 .part RS_0x7f70452e0078, 0, 1;
L_0x23b37b0 .part/pv L_0x23b2d80, 2, 1, 8;
L_0x23b3a00 .part RS_0x7f70452e0798, 3, 1;
L_0x23b3af0 .part RS_0x7f70452e0138, 1, 1;
L_0x23b3960 .part/pv L_0x23b3c90, 1, 1, 8;
L_0x23b3d40 .part v0x23b1bd0_0, 0, 1;
L_0x23b3be0 .part RS_0x7f70452e0078, 0, 1;
L_0x23b3f40 .part/pv L_0x23b3e30, 0, 1, 8;
L_0x23b4100 .part RS_0x7f70452e0798, 1, 1;
L_0x23b41f0 .part RS_0x7f70452e0138, 0, 1;
L_0x23b3fe0 .part/pv L_0x23b43c0, 1, 1, 2;
L_0x23b4470 .part RS_0x7f70452e0798, 6, 1;
L_0x23b42e0 .part RS_0x7f70452e0798, 4, 1;
L_0x23b46a0 .part/pv L_0x23b4560, 0, 1, 2;
L_0x23b48f0 .part RS_0x7f70452e0798, 2, 1;
L_0x23b4990 .part RS_0x7f70452e0798, 0, 1;
L_0x23b4c90 .part RS_0x7f70452e0828, 1, 1;
L_0x23b4d30 .part RS_0x7f70452e0828, 0, 1;
S_0x23afc50 .scope module, "s0_decoder" "DecoderMod" 2 26, 2 6, S_0x2331690;
 .timescale 0 0;
L_0x23b06d0 .functor NOT 1, L_0x23b2010, C4<0>, C4<0>, C4<0>;
L_0x23b1f10 .functor BUFZ 1, L_0x23b2010, C4<0>, C4<0>, C4<0>;
v0x23afd40_0 .net *"_s1", 0 0, L_0x23b06d0; 1 drivers
v0x23afe00_0 .net *"_s6", 0 0, L_0x23b1f10; 1 drivers
v0x23afea0_0 .alias "o", 0 1, v0x23b1910_0;
v0x23aff40_0 .net "s", 0 0, L_0x23b2010; 1 drivers
L_0x23b1d50 .part/pv L_0x23b06d0, 1, 1, 2;
L_0x23b1e40 .part/pv L_0x23b1f10, 0, 1, 2;
S_0x2331780 .scope module, "s1_decoder" "DecoderMod" 2 27, 2 6, S_0x2331690;
 .timescale 0 0;
L_0x23b21f0 .functor NOT 1, L_0x23b2440, C4<0>, C4<0>, C4<0>;
L_0x23b2340 .functor BUFZ 1, L_0x23b2440, C4<0>, C4<0>, C4<0>;
v0x2344210_0 .net *"_s1", 0 0, L_0x23b21f0; 1 drivers
v0x23afa60_0 .net *"_s6", 0 0, L_0x23b2340; 1 drivers
v0x23afb00_0 .alias "o", 0 1, v0x23b1b50_0;
v0x23afba0_0 .net "s", 0 0, L_0x23b2440; 1 drivers
L_0x23b2100 .part/pv L_0x23b21f0, 1, 1, 2;
L_0x23b22a0 .part/pv L_0x23b2340, 0, 1, 2;
    .scope S_0x23436e0;
T_0 ;
    %vpi_call 2 59 "$monitor", "%0d \011%b%b \011%b%b%b%b \011%b  ", $time, &PV<v0x23b1cd0_0, 0, 1>, &PV<v0x23b1cd0_0, 1, 1>, &PV<v0x23b1bd0_0, 3, 1>, &PV<v0x23b1bd0_0, 2, 1>, &PV<v0x23b1bd0_0, 1, 1>, &PV<v0x23b1bd0_0, 0, 1>, v0x23b1c50_0;
    %vpi_call 2 60 "$display", "Time\011s. \011d...\011o";
    %delay 63, 0;
    %vpi_call 2 62 "$finish";
    %end;
    .thread T_0;
    .scope S_0x23436e0;
T_1 ;
    %ix/load 0, 0, 0;
    %set/x0 v0x23b1cd0_0, 0, 1;
    %ix/load 0, 1, 0;
    %set/x0 v0x23b1cd0_0, 0, 1;
    %set/v v0x23b1bd0_0, 0, 4;
    %delay 1, 0;
    %ix/load 0, 0, 0;
    %set/x0 v0x23b1cd0_0, 0, 1;
    %ix/load 0, 1, 0;
    %set/x0 v0x23b1cd0_0, 0, 1;
    %movi 8, 1, 4;
    %set/v v0x23b1bd0_0, 8, 4;
    %delay 1, 0;
    %ix/load 0, 0, 0;
    %set/x0 v0x23b1cd0_0, 0, 1;
    %ix/load 0, 1, 0;
    %set/x0 v0x23b1cd0_0, 0, 1;
    %movi 8, 2, 4;
    %set/v v0x23b1bd0_0, 8, 4;
    %delay 1, 0;
    %ix/load 0, 0, 0;
    %set/x0 v0x23b1cd0_0, 0, 1;
    %ix/load 0, 1, 0;
    %set/x0 v0x23b1cd0_0, 0, 1;
    %movi 8, 3, 4;
    %set/v v0x23b1bd0_0, 8, 4;
    %delay 1, 0;
    %ix/load 0, 0, 0;
    %set/x0 v0x23b1cd0_0, 0, 1;
    %ix/load 0, 1, 0;
    %set/x0 v0x23b1cd0_0, 0, 1;
    %movi 8, 4, 4;
    %set/v v0x23b1bd0_0, 8, 4;
    %delay 1, 0;
    %ix/load 0, 0, 0;
    %set/x0 v0x23b1cd0_0, 0, 1;
    %ix/load 0, 1, 0;
    %set/x0 v0x23b1cd0_0, 0, 1;
    %movi 8, 5, 4;
    %set/v v0x23b1bd0_0, 8, 4;
    %delay 1, 0;
    %ix/load 0, 0, 0;
    %set/x0 v0x23b1cd0_0, 0, 1;
    %ix/load 0, 1, 0;
    %set/x0 v0x23b1cd0_0, 0, 1;
    %movi 8, 6, 4;
    %set/v v0x23b1bd0_0, 8, 4;
    %delay 1, 0;
    %ix/load 0, 0, 0;
    %set/x0 v0x23b1cd0_0, 0, 1;
    %ix/load 0, 1, 0;
    %set/x0 v0x23b1cd0_0, 0, 1;
    %movi 8, 7, 4;
    %set/v v0x23b1bd0_0, 8, 4;
    %delay 1, 0;
    %ix/load 0, 0, 0;
    %set/x0 v0x23b1cd0_0, 0, 1;
    %ix/load 0, 1, 0;
    %set/x0 v0x23b1cd0_0, 0, 1;
    %movi 8, 8, 4;
    %set/v v0x23b1bd0_0, 8, 4;
    %delay 1, 0;
    %ix/load 0, 0, 0;
    %set/x0 v0x23b1cd0_0, 0, 1;
    %ix/load 0, 1, 0;
    %set/x0 v0x23b1cd0_0, 0, 1;
    %movi 8, 9, 4;
    %set/v v0x23b1bd0_0, 8, 4;
    %delay 1, 0;
    %ix/load 0, 0, 0;
    %set/x0 v0x23b1cd0_0, 0, 1;
    %ix/load 0, 1, 0;
    %set/x0 v0x23b1cd0_0, 0, 1;
    %movi 8, 10, 4;
    %set/v v0x23b1bd0_0, 8, 4;
    %delay 1, 0;
    %ix/load 0, 0, 0;
    %set/x0 v0x23b1cd0_0, 0, 1;
    %ix/load 0, 1, 0;
    %set/x0 v0x23b1cd0_0, 0, 1;
    %movi 8, 11, 4;
    %set/v v0x23b1bd0_0, 8, 4;
    %delay 1, 0;
    %ix/load 0, 0, 0;
    %set/x0 v0x23b1cd0_0, 0, 1;
    %ix/load 0, 1, 0;
    %set/x0 v0x23b1cd0_0, 0, 1;
    %movi 8, 12, 4;
    %set/v v0x23b1bd0_0, 8, 4;
    %delay 1, 0;
    %ix/load 0, 0, 0;
    %set/x0 v0x23b1cd0_0, 0, 1;
    %ix/load 0, 1, 0;
    %set/x0 v0x23b1cd0_0, 0, 1;
    %movi 8, 13, 4;
    %set/v v0x23b1bd0_0, 8, 4;
    %delay 1, 0;
    %ix/load 0, 0, 0;
    %set/x0 v0x23b1cd0_0, 0, 1;
    %ix/load 0, 1, 0;
    %set/x0 v0x23b1cd0_0, 0, 1;
    %movi 8, 14, 4;
    %set/v v0x23b1bd0_0, 8, 4;
    %delay 1, 0;
    %ix/load 0, 0, 0;
    %set/x0 v0x23b1cd0_0, 0, 1;
    %ix/load 0, 1, 0;
    %set/x0 v0x23b1cd0_0, 0, 1;
    %set/v v0x23b1bd0_0, 1, 4;
    %delay 1, 0;
    %ix/load 0, 0, 0;
    %set/x0 v0x23b1cd0_0, 0, 1;
    %ix/load 0, 1, 0;
    %set/x0 v0x23b1cd0_0, 1, 1;
    %set/v v0x23b1bd0_0, 0, 4;
    %delay 1, 0;
    %ix/load 0, 0, 0;
    %set/x0 v0x23b1cd0_0, 0, 1;
    %ix/load 0, 1, 0;
    %set/x0 v0x23b1cd0_0, 1, 1;
    %movi 8, 1, 4;
    %set/v v0x23b1bd0_0, 8, 4;
    %delay 1, 0;
    %ix/load 0, 0, 0;
    %set/x0 v0x23b1cd0_0, 0, 1;
    %ix/load 0, 1, 0;
    %set/x0 v0x23b1cd0_0, 1, 1;
    %movi 8, 2, 4;
    %set/v v0x23b1bd0_0, 8, 4;
    %delay 1, 0;
    %ix/load 0, 0, 0;
    %set/x0 v0x23b1cd0_0, 0, 1;
    %ix/load 0, 1, 0;
    %set/x0 v0x23b1cd0_0, 1, 1;
    %movi 8, 3, 4;
    %set/v v0x23b1bd0_0, 8, 4;
    %delay 1, 0;
    %ix/load 0, 0, 0;
    %set/x0 v0x23b1cd0_0, 0, 1;
    %ix/load 0, 1, 0;
    %set/x0 v0x23b1cd0_0, 1, 1;
    %movi 8, 4, 4;
    %set/v v0x23b1bd0_0, 8, 4;
    %delay 1, 0;
    %ix/load 0, 0, 0;
    %set/x0 v0x23b1cd0_0, 0, 1;
    %ix/load 0, 1, 0;
    %set/x0 v0x23b1cd0_0, 1, 1;
    %movi 8, 5, 4;
    %set/v v0x23b1bd0_0, 8, 4;
    %delay 1, 0;
    %ix/load 0, 0, 0;
    %set/x0 v0x23b1cd0_0, 0, 1;
    %ix/load 0, 1, 0;
    %set/x0 v0x23b1cd0_0, 1, 1;
    %movi 8, 6, 4;
    %set/v v0x23b1bd0_0, 8, 4;
    %delay 1, 0;
    %ix/load 0, 0, 0;
    %set/x0 v0x23b1cd0_0, 0, 1;
    %ix/load 0, 1, 0;
    %set/x0 v0x23b1cd0_0, 1, 1;
    %movi 8, 7, 4;
    %set/v v0x23b1bd0_0, 8, 4;
    %delay 1, 0;
    %ix/load 0, 0, 0;
    %set/x0 v0x23b1cd0_0, 0, 1;
    %ix/load 0, 1, 0;
    %set/x0 v0x23b1cd0_0, 1, 1;
    %movi 8, 8, 4;
    %set/v v0x23b1bd0_0, 8, 4;
    %delay 1, 0;
    %ix/load 0, 0, 0;
    %set/x0 v0x23b1cd0_0, 0, 1;
    %ix/load 0, 1, 0;
    %set/x0 v0x23b1cd0_0, 1, 1;
    %movi 8, 9, 4;
    %set/v v0x23b1bd0_0, 8, 4;
    %delay 1, 0;
    %ix/load 0, 0, 0;
    %set/x0 v0x23b1cd0_0, 0, 1;
    %ix/load 0, 1, 0;
    %set/x0 v0x23b1cd0_0, 1, 1;
    %movi 8, 10, 4;
    %set/v v0x23b1bd0_0, 8, 4;
    %delay 1, 0;
    %ix/load 0, 0, 0;
    %set/x0 v0x23b1cd0_0, 0, 1;
    %ix/load 0, 1, 0;
    %set/x0 v0x23b1cd0_0, 1, 1;
    %movi 8, 11, 4;
    %set/v v0x23b1bd0_0, 8, 4;
    %delay 1, 0;
    %ix/load 0, 0, 0;
    %set/x0 v0x23b1cd0_0, 0, 1;
    %ix/load 0, 1, 0;
    %set/x0 v0x23b1cd0_0, 1, 1;
    %movi 8, 12, 4;
    %set/v v0x23b1bd0_0, 8, 4;
    %delay 1, 0;
    %ix/load 0, 0, 0;
    %set/x0 v0x23b1cd0_0, 0, 1;
    %ix/load 0, 1, 0;
    %set/x0 v0x23b1cd0_0, 1, 1;
    %movi 8, 13, 4;
    %set/v v0x23b1bd0_0, 8, 4;
    %delay 1, 0;
    %ix/load 0, 0, 0;
    %set/x0 v0x23b1cd0_0, 0, 1;
    %ix/load 0, 1, 0;
    %set/x0 v0x23b1cd0_0, 1, 1;
    %movi 8, 14, 4;
    %set/v v0x23b1bd0_0, 8, 4;
    %delay 1, 0;
    %ix/load 0, 0, 0;
    %set/x0 v0x23b1cd0_0, 0, 1;
    %ix/load 0, 1, 0;
    %set/x0 v0x23b1cd0_0, 1, 1;
    %set/v v0x23b1bd0_0, 1, 4;
    %delay 1, 0;
    %ix/load 0, 0, 0;
    %set/x0 v0x23b1cd0_0, 1, 1;
    %ix/load 0, 1, 0;
    %set/x0 v0x23b1cd0_0, 0, 1;
    %set/v v0x23b1bd0_0, 0, 4;
    %delay 1, 0;
    %ix/load 0, 0, 0;
    %set/x0 v0x23b1cd0_0, 1, 1;
    %ix/load 0, 1, 0;
    %set/x0 v0x23b1cd0_0, 0, 1;
    %movi 8, 1, 4;
    %set/v v0x23b1bd0_0, 8, 4;
    %delay 1, 0;
    %ix/load 0, 0, 0;
    %set/x0 v0x23b1cd0_0, 1, 1;
    %ix/load 0, 1, 0;
    %set/x0 v0x23b1cd0_0, 0, 1;
    %movi 8, 2, 4;
    %set/v v0x23b1bd0_0, 8, 4;
    %delay 1, 0;
    %ix/load 0, 0, 0;
    %set/x0 v0x23b1cd0_0, 1, 1;
    %ix/load 0, 1, 0;
    %set/x0 v0x23b1cd0_0, 0, 1;
    %movi 8, 3, 4;
    %set/v v0x23b1bd0_0, 8, 4;
    %delay 1, 0;
    %ix/load 0, 0, 0;
    %set/x0 v0x23b1cd0_0, 1, 1;
    %ix/load 0, 1, 0;
    %set/x0 v0x23b1cd0_0, 0, 1;
    %movi 8, 4, 4;
    %set/v v0x23b1bd0_0, 8, 4;
    %delay 1, 0;
    %ix/load 0, 0, 0;
    %set/x0 v0x23b1cd0_0, 1, 1;
    %ix/load 0, 1, 0;
    %set/x0 v0x23b1cd0_0, 0, 1;
    %movi 8, 5, 4;
    %set/v v0x23b1bd0_0, 8, 4;
    %delay 1, 0;
    %ix/load 0, 0, 0;
    %set/x0 v0x23b1cd0_0, 1, 1;
    %ix/load 0, 1, 0;
    %set/x0 v0x23b1cd0_0, 0, 1;
    %movi 8, 6, 4;
    %set/v v0x23b1bd0_0, 8, 4;
    %delay 1, 0;
    %ix/load 0, 0, 0;
    %set/x0 v0x23b1cd0_0, 1, 1;
    %ix/load 0, 1, 0;
    %set/x0 v0x23b1cd0_0, 0, 1;
    %movi 8, 7, 4;
    %set/v v0x23b1bd0_0, 8, 4;
    %delay 1, 0;
    %ix/load 0, 0, 0;
    %set/x0 v0x23b1cd0_0, 1, 1;
    %ix/load 0, 1, 0;
    %set/x0 v0x23b1cd0_0, 0, 1;
    %movi 8, 8, 4;
    %set/v v0x23b1bd0_0, 8, 4;
    %delay 1, 0;
    %ix/load 0, 0, 0;
    %set/x0 v0x23b1cd0_0, 1, 1;
    %ix/load 0, 1, 0;
    %set/x0 v0x23b1cd0_0, 0, 1;
    %movi 8, 9, 4;
    %set/v v0x23b1bd0_0, 8, 4;
    %delay 1, 0;
    %ix/load 0, 0, 0;
    %set/x0 v0x23b1cd0_0, 1, 1;
    %ix/load 0, 1, 0;
    %set/x0 v0x23b1cd0_0, 0, 1;
    %movi 8, 10, 4;
    %set/v v0x23b1bd0_0, 8, 4;
    %delay 1, 0;
    %ix/load 0, 0, 0;
    %set/x0 v0x23b1cd0_0, 1, 1;
    %ix/load 0, 1, 0;
    %set/x0 v0x23b1cd0_0, 0, 1;
    %movi 8, 11, 4;
    %set/v v0x23b1bd0_0, 8, 4;
    %delay 1, 0;
    %ix/load 0, 0, 0;
    %set/x0 v0x23b1cd0_0, 1, 1;
    %ix/load 0, 1, 0;
    %set/x0 v0x23b1cd0_0, 0, 1;
    %movi 8, 12, 4;
    %set/v v0x23b1bd0_0, 8, 4;
    %delay 1, 0;
    %ix/load 0, 0, 0;
    %set/x0 v0x23b1cd0_0, 1, 1;
    %ix/load 0, 1, 0;
    %set/x0 v0x23b1cd0_0, 0, 1;
    %movi 8, 13, 4;
    %set/v v0x23b1bd0_0, 8, 4;
    %delay 1, 0;
    %ix/load 0, 0, 0;
    %set/x0 v0x23b1cd0_0, 1, 1;
    %ix/load 0, 1, 0;
    %set/x0 v0x23b1cd0_0, 0, 1;
    %movi 8, 14, 4;
    %set/v v0x23b1bd0_0, 8, 4;
    %delay 1, 0;
    %ix/load 0, 0, 0;
    %set/x0 v0x23b1cd0_0, 1, 1;
    %ix/load 0, 1, 0;
    %set/x0 v0x23b1cd0_0, 0, 1;
    %set/v v0x23b1bd0_0, 1, 4;
    %delay 1, 0;
    %ix/load 0, 0, 0;
    %set/x0 v0x23b1cd0_0, 1, 1;
    %ix/load 0, 1, 0;
    %set/x0 v0x23b1cd0_0, 1, 1;
    %set/v v0x23b1bd0_0, 0, 4;
    %delay 1, 0;
    %ix/load 0, 0, 0;
    %set/x0 v0x23b1cd0_0, 1, 1;
    %ix/load 0, 1, 0;
    %set/x0 v0x23b1cd0_0, 1, 1;
    %movi 8, 1, 4;
    %set/v v0x23b1bd0_0, 8, 4;
    %delay 1, 0;
    %ix/load 0, 0, 0;
    %set/x0 v0x23b1cd0_0, 1, 1;
    %ix/load 0, 1, 0;
    %set/x0 v0x23b1cd0_0, 1, 1;
    %movi 8, 2, 4;
    %set/v v0x23b1bd0_0, 8, 4;
    %delay 1, 0;
    %ix/load 0, 0, 0;
    %set/x0 v0x23b1cd0_0, 1, 1;
    %ix/load 0, 1, 0;
    %set/x0 v0x23b1cd0_0, 1, 1;
    %movi 8, 3, 4;
    %set/v v0x23b1bd0_0, 8, 4;
    %delay 1, 0;
    %ix/load 0, 0, 0;
    %set/x0 v0x23b1cd0_0, 1, 1;
    %ix/load 0, 1, 0;
    %set/x0 v0x23b1cd0_0, 1, 1;
    %movi 8, 4, 4;
    %set/v v0x23b1bd0_0, 8, 4;
    %delay 1, 0;
    %ix/load 0, 0, 0;
    %set/x0 v0x23b1cd0_0, 1, 1;
    %ix/load 0, 1, 0;
    %set/x0 v0x23b1cd0_0, 1, 1;
    %movi 8, 5, 4;
    %set/v v0x23b1bd0_0, 8, 4;
    %delay 1, 0;
    %ix/load 0, 0, 0;
    %set/x0 v0x23b1cd0_0, 1, 1;
    %ix/load 0, 1, 0;
    %set/x0 v0x23b1cd0_0, 1, 1;
    %movi 8, 6, 4;
    %set/v v0x23b1bd0_0, 8, 4;
    %delay 1, 0;
    %ix/load 0, 0, 0;
    %set/x0 v0x23b1cd0_0, 1, 1;
    %ix/load 0, 1, 0;
    %set/x0 v0x23b1cd0_0, 1, 1;
    %movi 8, 7, 4;
    %set/v v0x23b1bd0_0, 8, 4;
    %delay 1, 0;
    %ix/load 0, 0, 0;
    %set/x0 v0x23b1cd0_0, 1, 1;
    %ix/load 0, 1, 0;
    %set/x0 v0x23b1cd0_0, 1, 1;
    %movi 8, 8, 4;
    %set/v v0x23b1bd0_0, 8, 4;
    %delay 1, 0;
    %ix/load 0, 0, 0;
    %set/x0 v0x23b1cd0_0, 1, 1;
    %ix/load 0, 1, 0;
    %set/x0 v0x23b1cd0_0, 1, 1;
    %movi 8, 9, 4;
    %set/v v0x23b1bd0_0, 8, 4;
    %delay 1, 0;
    %ix/load 0, 0, 0;
    %set/x0 v0x23b1cd0_0, 1, 1;
    %ix/load 0, 1, 0;
    %set/x0 v0x23b1cd0_0, 1, 1;
    %movi 8, 10, 4;
    %set/v v0x23b1bd0_0, 8, 4;
    %delay 1, 0;
    %ix/load 0, 0, 0;
    %set/x0 v0x23b1cd0_0, 1, 1;
    %ix/load 0, 1, 0;
    %set/x0 v0x23b1cd0_0, 1, 1;
    %movi 8, 11, 4;
    %set/v v0x23b1bd0_0, 8, 4;
    %delay 1, 0;
    %ix/load 0, 0, 0;
    %set/x0 v0x23b1cd0_0, 1, 1;
    %ix/load 0, 1, 0;
    %set/x0 v0x23b1cd0_0, 1, 1;
    %movi 8, 12, 4;
    %set/v v0x23b1bd0_0, 8, 4;
    %delay 1, 0;
    %ix/load 0, 0, 0;
    %set/x0 v0x23b1cd0_0, 1, 1;
    %ix/load 0, 1, 0;
    %set/x0 v0x23b1cd0_0, 1, 1;
    %movi 8, 13, 4;
    %set/v v0x23b1bd0_0, 8, 4;
    %delay 1, 0;
    %ix/load 0, 0, 0;
    %set/x0 v0x23b1cd0_0, 1, 1;
    %ix/load 0, 1, 0;
    %set/x0 v0x23b1cd0_0, 1, 1;
    %movi 8, 14, 4;
    %set/v v0x23b1bd0_0, 8, 4;
    %delay 1, 0;
    %ix/load 0, 0, 0;
    %set/x0 v0x23b1cd0_0, 1, 1;
    %ix/load 0, 1, 0;
    %set/x0 v0x23b1cd0_0, 1, 1;
    %set/v v0x23b1bd0_0, 1, 4;
    %end;
    .thread T_1;
# The file index is used to find the file name in the following table.
:file_names 3;
    "N/A";
    "<interactive>";
    "m4x1array.v";
